<?xml version="1.0" encoding="UTF-8"?>
<!-- Generated by org.testng.reporters.JUnitReportReporter -->
<testsuite skipped="0" hostname="DESKTOP-8FKP7VU" name="com.webtest.demo.IdentityDemo" tests="3" failures="0" timestamp="2020-11-26T08:34:08 CST" time="33.753" errors="0">
  <testcase name="testLogin" time="10.964" classname="com.webtest.demo.IdentityDemo"/>
  <system-out/>
  <testcase name="test1" time="9.857" classname="com.webtest.demo.IdentityDemo"/>
  <system-out/>
  <testcase name="test2" time="12.932" classname="com.webtest.demo.IdentityDemo"/>
  <system-out/>
</testsuite> <!-- com.webtest.demo.IdentityDemo -->
