<?xml version="1.0" encoding="UTF-8"?>
<!-- Generated by org.testng.reporters.JUnitReportReporter -->
<testsuite skipped="0" hostname="DESKTOP-8FKP7VU" name="com.webtest.demo.DataViewDemo" tests="6" failures="0" timestamp="2020-11-26T08:24:34 CST" time="36.392" errors="0">
  <testcase name="testLogin" time="11.024" classname="com.webtest.demo.DataViewDemo"/>
  <system-out/>
  <testcase name="test7" time="8.407" classname="com.webtest.demo.DataViewDemo"/>
  <system-out/>
  <testcase name="test8" time="0.023" classname="com.webtest.demo.DataViewDemo"/>
  <system-out/>
  <testcase name="test9" time="0.008" classname="com.webtest.demo.DataViewDemo"/>
  <system-out/>
  <testcase name="test10" time="8.579" classname="com.webtest.demo.DataViewDemo"/>
  <system-out/>
  <testcase name="test11" time="8.351" classname="com.webtest.demo.DataViewDemo"/>
  <system-out/>
</testsuite> <!-- com.webtest.demo.DataViewDemo -->
