<?xml version="1.0" encoding="UTF-8"?>
<!-- Generated by org.testng.reporters.JUnitReportReporter -->
<testsuite skipped="0" hostname="DESKTOP-8FKP7VU" name="com.webtest.demo.WebsitestatisticsDemo" tests="4" failures="0" timestamp="2020-11-23T10:06:17 CST" time="24.434" errors="0">
  <testcase name="testLogin" time="11.075" classname="com.webtest.demo.WebsitestatisticsDemo"/>
  <system-out/>
  <testcase name="test11" time="3.462" classname="com.webtest.demo.WebsitestatisticsDemo"/>
  <system-out/>
  <testcase name="test12" time="6.631" classname="com.webtest.demo.WebsitestatisticsDemo"/>
  <system-out/>
  <testcase name="test13" time="3.266" classname="com.webtest.demo.WebsitestatisticsDemo"/>
  <system-out/>
</testsuite> <!-- com.webtest.demo.WebsitestatisticsDemo -->
