<?xml version="1.0" encoding="UTF-8"?>
<!-- Generated by org.testng.reporters.JUnitReportReporter -->
<testsuite skipped="0" hostname="DESKTOP-8FKP7VU" name="com.webtest.demo.MembersDemo" tests="5" failures="0" timestamp="2020-11-26T08:38:22 CST" time="46.580" errors="0">
  <testcase name="testLogin" time="10.982" classname="com.webtest.demo.MembersDemo"/>
  <system-out/>
  <testcase name="test27" time="10.073" classname="com.webtest.demo.MembersDemo"/>
  <system-out/>
  <testcase name="test28" time="6.226" classname="com.webtest.demo.MembersDemo"/>
  <system-out/>
  <testcase name="test29" time="9.850" classname="com.webtest.demo.MembersDemo"/>
  <system-out/>
  <testcase name="test30" time="9.449" classname="com.webtest.demo.MembersDemo"/>
  <system-out/>
</testsuite> <!-- com.webtest.demo.MembersDemo -->
