<?xml version="1.0" encoding="UTF-8"?>
<!-- Generated by org.testng.reporters.JUnitReportReporter -->
<testsuite skipped="0" hostname="DESKTOP-8FKP7VU" name="com.myx.demo.MYXDemo" tests="2" failures="0" timestamp="2020-11-27T09:02:34 CST" time="29.185" errors="0">
  <testcase name="testLogin" time="10.966" classname="com.myx.demo.MYXDemo"/>
  <system-out/>
  <testcase name="test5" time="18.219" classname="com.myx.demo.MYXDemo"/>
  <system-out/>
</testsuite> <!-- com.myx.demo.MYXDemo -->
