<?xml version="1.0" encoding="UTF-8"?>
<!-- Generated by org.testng.reporters.JUnitReportReporter -->
<testsuite skipped="0" hostname="DESKTOP-8FKP7VU" name="com.webtest.demo.AttritionRechargeDemo" tests="3" failures="0" timestamp="2020-11-26T08:12:16 CST" time="20.513" errors="0">
  <testcase name="testLogin" time="11.523" classname="com.webtest.demo.AttritionRechargeDemo"/>
  <system-out/>
  <testcase name="test15" time="5.441" classname="com.webtest.demo.AttritionRechargeDemo"/>
  <system-out/>
  <testcase name="test22" time="3.549" classname="com.webtest.demo.AttritionRechargeDemo"/>
  <system-out/>
</testsuite> <!-- com.webtest.demo.AttritionRechargeDemo -->
