<?xml version="1.0" encoding="UTF-8"?>
<!-- Generated by org.testng.reporters.JUnitReportReporter -->
<testsuite skipped="0" hostname="DESKTOP-8FKP7VU" name="com.webtest.demo.RetentionDemo" tests="4" failures="0" timestamp="2020-11-26T08:45:31 CST" time="30.733" errors="0">
  <testcase name="testLogin" time="10.998" classname="com.webtest.demo.RetentionDemo"/>
  <system-out/>
  <testcase name="test19" time="3.497" classname="com.webtest.demo.RetentionDemo"/>
  <system-out/>
  <testcase name="test20" time="3.238" classname="com.webtest.demo.RetentionDemo"/>
  <system-out/>
  <testcase name="test21" time="13.000" classname="com.webtest.demo.RetentionDemo"/>
  <system-out/>
</testsuite> <!-- com.webtest.demo.RetentionDemo -->
