<?xml version="1.0" encoding="UTF-8"?>
<!-- Generated by org.testng.reporters.JUnitReportReporter -->
<testsuite skipped="0" hostname="DESKTOP-8FKP7VU" name="com.webtest.demo.RightDemo" tests="4" failures="0" timestamp="2020-11-26T09:37:22 CST" time="25.907" errors="0">
  <testcase name="testLogin" time="11.112" classname="com.webtest.demo.RightDemo"/>
  <system-out/>
  <testcase name="test23" time="3.761" classname="com.webtest.demo.RightDemo"/>
  <system-out/>
  <testcase name="test24" time="3.726" classname="com.webtest.demo.RightDemo"/>
  <system-out/>
  <testcase name="test25" time="7.308" classname="com.webtest.demo.RightDemo"/>
  <system-out/>
</testsuite> <!-- com.webtest.demo.RightDemo -->
