<?xml version="1.0" encoding="UTF-8"?>
<!-- Generated by org.testng.reporters.JUnitReportReporter -->
<testsuite skipped="0" hostname="DESKTOP-8FKP7VU" name="com.webtest.demo.DynamicrecoveryDemo" tests="3" failures="0" timestamp="2020-11-26T08:31:07 CST" time="32.032" errors="0">
  <testcase name="testLogin" time="11.004" classname="com.webtest.demo.DynamicrecoveryDemo"/>
  <system-out/>
  <testcase name="test47" time="12.946" classname="com.webtest.demo.DynamicrecoveryDemo"/>
  <system-out/>
  <testcase name="test48" time="8.082" classname="com.webtest.demo.DynamicrecoveryDemo"/>
  <system-out/>
</testsuite> <!-- com.webtest.demo.DynamicrecoveryDemo -->
