<?xml version="1.0" encoding="UTF-8"?>
<!-- Generated by org.testng.reporters.JUnitReportReporter -->
<testsuite skipped="0" hostname="DESKTOP-8FKP7VU" name="com.webtest.demo.Admin_Login" tests="1" failures="0" timestamp="2020-11-20T16:56:07 CST" time="23.969" errors="0">
  <testcase name="testLogin" time="23.969" classname="com.webtest.demo.Admin_Login"/>
  <system-out/>
</testsuite> <!-- com.webtest.demo.Admin_Login -->
