<?xml version="1.0" encoding="UTF-8"?>
<!-- Generated by org.testng.reporters.JUnitReportReporter -->
<testsuite skipped="0" hostname="DESKTOP-8FKP7VU" name="com.webtest.demo.WeibodynamicDemo" tests="8" failures="0" timestamp="2020-11-26T09:24:31 CST" time="80.624" errors="0">
  <testcase name="testLogin" time="11.019" classname="com.webtest.demo.WeibodynamicDemo"/>
  <system-out/>
  <testcase name="test34" time="9.761" classname="com.webtest.demo.WeibodynamicDemo"/>
  <system-out/>
  <testcase name="test35" time="6.129" classname="com.webtest.demo.WeibodynamicDemo"/>
  <system-out/>
  <testcase name="test36" time="6.101" classname="com.webtest.demo.WeibodynamicDemo"/>
  <system-out/>
  <testcase name="test37" time="12.725" classname="com.webtest.demo.WeibodynamicDemo"/>
  <system-out/>
  <testcase name="test38" time="12.689" classname="com.webtest.demo.WeibodynamicDemo"/>
  <system-out/>
  <testcase name="test39" time="12.679" classname="com.webtest.demo.WeibodynamicDemo"/>
  <system-out/>
  <testcase name="test40" time="9.521" classname="com.webtest.demo.WeibodynamicDemo"/>
  <system-out/>
</testsuite> <!-- com.webtest.demo.WeibodynamicDemo -->
