<?xml version="1.0" encoding="UTF-8"?>
<!-- Generated by org.testng.reporters.JUnitReportReporter -->
<testsuite skipped="0" hostname="DESKTOP-8FKP7VU" name="com.webtest.demo.HomePageDemo" tests="2" failures="0" timestamp="2020-11-26T08:32:45 CST" time="23.977" errors="0">
  <testcase name="testLogin" time="10.946" classname="com.webtest.demo.HomePageDemo"/>
  <system-out/>
  <testcase name="test26" time="13.031" classname="com.webtest.demo.HomePageDemo"/>
  <system-out/>
</testsuite> <!-- com.webtest.demo.HomePageDemo -->
