<?xml version="1.0" encoding="UTF-8"?>
<!-- Generated by org.testng.reporters.JUnitReportReporter -->
<testsuite skipped="0" hostname="DESKTOP-8FKP7VU" name="com.webtest.demo.LoginDemo" tests="1" failures="0" timestamp="2020-11-26T10:53:11 CST" time="11.166" errors="0">
  <testcase name="testLogin" time="11.166" classname="com.webtest.demo.LoginDemo"/>
  <system-out/>
</testsuite> <!-- com.webtest.demo.LoginDemo -->
