<?xml version="1.0" encoding="UTF-8"?>
<!-- Generated by org.testng.reporters.JUnitReportReporter -->
<testsuite skipped="0" hostname="DESKTOP-8FKP7VU" name="com.webtest.demo.WghTestDemo" tests="2" failures="0" timestamp="2020-11-23T08:38:16 CST" time="18.215" errors="0">
  <testcase name="testLogin" time="11.110" classname="com.webtest.demo.WghTestDemo"/>
  <system-out/>
  <testcase name="test7" time="7.105" classname="com.webtest.demo.WghTestDemo"/>
  <system-out/>
</testsuite> <!-- com.webtest.demo.WghTestDemo -->
