<?xml version="1.0" encoding="UTF-8"?>
<!-- Generated by org.testng.reporters.JUnitReportReporter -->
<testsuite skipped="0" hostname="DESKTOP-8FKP7VU" name="com.webtest.demo.ActiveUserDemo" tests="4" failures="0" timestamp="2020-11-26T08:09:36 CST" time="30.910" errors="0">
  <testcase name="testLogin" time="11.172" classname="com.webtest.demo.ActiveUserDemo"/>
  <system-out/>
  <testcase name="test16" time="3.533" classname="com.webtest.demo.ActiveUserDemo"/>
  <system-out/>
  <testcase name="test17" time="12.979" classname="com.webtest.demo.ActiveUserDemo"/>
  <system-out/>
  <testcase name="test18" time="3.226" classname="com.webtest.demo.ActiveUserDemo"/>
  <system-out/>
</testsuite> <!-- com.webtest.demo.ActiveUserDemo -->
