<?xml version="1.0" encoding="UTF-8"?>
<!-- Generated by org.testng.reporters.JUnitReportReporter -->
<testsuite skipped="0" hostname="DESKTOP-8FKP7VU" name="com.webtest.demo.UserDemo" tests="4" failures="0" timestamp="2020-11-26T08:55:29 CST" time="40.157" errors="0">
  <testcase name="testLogin" time="11.090" classname="com.webtest.demo.UserDemo"/>
  <system-out/>
  <testcase name="test31" time="9.664" classname="com.webtest.demo.UserDemo"/>
  <system-out/>
  <testcase name="test32" time="9.598" classname="com.webtest.demo.UserDemo"/>
  <system-out/>
  <testcase name="test33" time="9.805" classname="com.webtest.demo.UserDemo"/>
  <system-out/>
</testsuite> <!-- com.webtest.demo.UserDemo -->
