<?xml version="1.0" encoding="UTF-8"?>
<!-- Generated by org.testng.reporters.JUnitReportReporter -->
<testsuite skipped="0" hostname="DESKTOP-8FKP7VU" name="com.webtest.demo.WeibomanagementDemo" tests="4" failures="0" timestamp="2020-11-26T09:33:51 CST" time="46.774" errors="0">
  <testcase name="testLogin" time="11.012" classname="com.webtest.demo.WeibomanagementDemo"/>
  <system-out/>
  <testcase name="test44" time="13.150" classname="com.webtest.demo.WeibomanagementDemo"/>
  <system-out/>
  <testcase name="test45" time="9.631" classname="com.webtest.demo.WeibomanagementDemo"/>
  <system-out/>
  <testcase name="test46" time="12.981" classname="com.webtest.demo.WeibomanagementDemo"/>
  <system-out/>
</testsuite> <!-- com.webtest.demo.WeibomanagementDemo -->
