<?xml version="1.0" encoding="UTF-8"?>
<!-- Generated by org.testng.reporters.JUnitReportReporter -->
<testsuite skipped="0" hostname="DESKTOP-8FKP7VU" name="com.webtest.demo.ReplyCommentDemo" tests="3" failures="0" timestamp="2020-11-26T08:43:31 CST" time="36.676" errors="0">
  <testcase name="testLogin" time="10.978" classname="com.webtest.demo.ReplyCommentDemo"/>
  <system-out/>
  <testcase name="test49" time="12.883" classname="com.webtest.demo.ReplyCommentDemo"/>
  <system-out/>
  <testcase name="test50" time="12.815" classname="com.webtest.demo.ReplyCommentDemo"/>
  <system-out/>
</testsuite> <!-- com.webtest.demo.ReplyCommentDemo -->
