<?xml version="1.0" encoding="UTF-8"?>
<!-- Generated by org.testng.reporters.JUnitReportReporter -->
<testsuite skipped="0" hostname="DESKTOP-8FKP7VU" name="com.webtest.demo.DashBoardDemo" tests="5" failures="0" timestamp="2020-11-26T08:22:56 CST" time="50.555" errors="0">
  <testcase name="testLogin" time="10.986" classname="com.webtest.demo.DashBoardDemo"/>
  <system-out/>
  <testcase name="test3" time="13.065" classname="com.webtest.demo.DashBoardDemo"/>
  <system-out/>
  <testcase name="test4" time="16.600" classname="com.webtest.demo.DashBoardDemo"/>
  <system-out/>
  <testcase name="test5" time="3.236" classname="com.webtest.demo.DashBoardDemo"/>
  <system-out/>
  <testcase name="test6" time="6.668" classname="com.webtest.demo.DashBoardDemo"/>
  <system-out/>
</testsuite> <!-- com.webtest.demo.DashBoardDemo -->
