<?xml version="1.0" encoding="UTF-8"?>
<!-- Generated by org.testng.reporters.JUnitReportReporter -->
<testsuite skipped="0" hostname="DESKTOP-8FKP7VU" name="com.webtest.demo.TopicDemo" tests="4" failures="0" timestamp="2020-11-26T08:52:54 CST" time="46.788" errors="0">
  <testcase name="testLogin" time="11.039" classname="com.webtest.demo.TopicDemo"/>
  <system-out/>
  <testcase name="test41" time="13.319" classname="com.webtest.demo.TopicDemo"/>
  <system-out/>
  <testcase name="test42" time="9.599" classname="com.webtest.demo.TopicDemo"/>
  <system-out/>
  <testcase name="test43" time="12.831" classname="com.webtest.demo.TopicDemo"/>
  <system-out/>
</testsuite> <!-- com.webtest.demo.TopicDemo -->
